\BOOKMARK [0][-]{chapter.1}{Mathematics I}{}% 1
\BOOKMARK [0][-]{chapter.2}{Mathematics II}{}% 2
\BOOKMARK [0][-]{chapter.3}{Mathematics III}{}% 3
\BOOKMARK [0][-]{chapter.4}{Stochastics}{}% 4
\BOOKMARK [0][-]{chapter.5}{Computer Science I}{}% 5
\BOOKMARK [0][-]{chapter.6}{Computer Science II}{}% 6
\BOOKMARK [0][-]{chapter.7}{Theoretical Computer Science}{}% 7
\BOOKMARK [0][-]{chapter.8}{Algorithms and Data Structures}{}% 8
\BOOKMARK [0][-]{chapter.9}{Software Project}{}% 9
\BOOKMARK [0][-]{chapter.10}{Chemistry I: \(General/Inorganic, Organic, and Biochemistry}{}% 10
\BOOKMARK [0][-]{chapter.11}{Physical Chemistry \(Chemistry II\)}{}% 11
\BOOKMARK [0][-]{chapter.12}{Cell Biology, Micro Biology, and Genetics}{}% 12
\BOOKMARK [0][-]{chapter.13}{Animal Physiology \(Neurobiology\)}{}% 13
\BOOKMARK [0][-]{chapter.14}{Bioinformatics I}{}% 14
\BOOKMARK [0][-]{chapter.15}{Bioinformatics II: Algorithms}{}% 15
\BOOKMARK [0][-]{chapter.16}{Bioinformatics II: Seminar}{}% 16
\BOOKMARK [0][-]{chapter.17}{Elective Subject: Computer Science}{}% 17
\BOOKMARK [0][-]{chapter.18}{Elective Subject: Bioinformatics}{}% 18
\BOOKMARK [0][-]{chapter.19}{Elective Subject: Life Sciences}{}% 19
\BOOKMARK [0][-]{chapter.20}{Elective Subject: Computer Science / Bioinformatics / Life Science}{}% 20
\BOOKMARK [0][-]{chapter.21}{Cross Disciplinary Competences}{}% 21
\BOOKMARK [0][-]{chapter.22}{Bachelor Thesis}{}% 22
